<?xml version="1.0" encoding="UTF-8"?>
<!-- Generated by org.testng.reporters.JUnitXMLReporter -->
<testsuite hostname="WIN-AEE4QQFEOGF" name="Default test" tests="3" failures="0" timestamp="29 Apr 2021 11:32:44 GMT" time="2.792" errors="0">
  <testcase name="httpReq" time="1.681" classname="com.youceedu.interf.test.TestRun1"/>
  <testcase name="httpReq" time="0.001" classname="com.youceedu.interf.test.TestRun1"/>
  <testcase name="httpReq" time="0.001" classname="com.youceedu.interf.test.TestRun1"/>
</testsuite> <!-- Default test -->
