<?xml version="1.0" encoding="UTF-8"?>
<!-- Generated by org.testng.reporters.JUnitXMLReporter -->
<testsuite hostname="WIN-AEE4QQFEOGF" name="接口自动化" tests="5" failures="4" timestamp="6 Jun 2021 13:32:57 GMT" time="9.981" errors="0">
  <testcase name="httpReq" time="2.258" classname="com.youceedu.interf.test.TestRun"/>
  <testcase name="httpReq" time="0.176" classname="com.youceedu.interf.test.TestRun">
    <failure type="com.alibaba.fastjson.JSONException" message="syntax error, pos 1, line 1, column 2您的服务器返回码为404请检查您的地址">
      <![CDATA[com.alibaba.fastjson.JSONException: syntax error, pos 1, line 1, column 2您的服务器返回码为404请检查您的地址
	at com.alibaba.fastjson.parser.DefaultJSONParser.parse(DefaultJSONParser.java:1497)
	at com.alibaba.fastjson.parser.DefaultJSONParser.parse(DefaultJSONParser.java:1383)
	at com.alibaba.fastjson.JSON.parse(JSON.java:182)
	at com.alibaba.fastjson.JSON.parse(JSON.java:192)
	at com.alibaba.fastjson.JSON.parse(JSON.java:148)
	at com.alibaba.fastjson.JSONPath.read(JSONPath.java:688)
	at com.youceedu.interf.util.PatternUtil.conpareResultTodb(PatternUtil.java:79)
	at com.youceedu.interf.test.TestRun.httpReq(TestRun.java:83)
... Removed 24 stack frames]]>
    </failure>
  </testcase> <!-- httpReq -->
  <testcase name="httpReq" time="0.161" classname="com.youceedu.interf.test.TestRun">
    <failure type="com.alibaba.fastjson.JSONException" message="syntax error, pos 1, line 1, column 2您的服务器返回码为404请检查您的地址">
      <![CDATA[com.alibaba.fastjson.JSONException: syntax error, pos 1, line 1, column 2您的服务器返回码为404请检查您的地址
	at com.alibaba.fastjson.parser.DefaultJSONParser.parse(DefaultJSONParser.java:1497)
	at com.alibaba.fastjson.parser.DefaultJSONParser.parse(DefaultJSONParser.java:1383)
	at com.alibaba.fastjson.JSON.parse(JSON.java:182)
	at com.alibaba.fastjson.JSON.parse(JSON.java:192)
	at com.alibaba.fastjson.JSON.parse(JSON.java:148)
	at com.alibaba.fastjson.JSONPath.read(JSONPath.java:688)
	at com.youceedu.interf.util.PatternUtil.conpareResultTodb(PatternUtil.java:79)
	at com.youceedu.interf.test.TestRun.httpReq(TestRun.java:83)
... Removed 24 stack frames]]>
    </failure>
  </testcase> <!-- httpReq -->
  <testcase name="httpReq" time="0.131" classname="com.youceedu.interf.test.TestRun">
    <failure type="com.alibaba.fastjson.JSONException" message="syntax error, pos 1, line 1, column 2您的服务器返回码为404请检查您的地址">
      <![CDATA[com.alibaba.fastjson.JSONException: syntax error, pos 1, line 1, column 2您的服务器返回码为404请检查您的地址
	at com.alibaba.fastjson.parser.DefaultJSONParser.parse(DefaultJSONParser.java:1497)
	at com.alibaba.fastjson.parser.DefaultJSONParser.parse(DefaultJSONParser.java:1383)
	at com.alibaba.fastjson.JSON.parse(JSON.java:182)
	at com.alibaba.fastjson.JSON.parse(JSON.java:192)
	at com.alibaba.fastjson.JSON.parse(JSON.java:148)
	at com.alibaba.fastjson.JSONPath.read(JSONPath.java:688)
	at com.youceedu.interf.util.PatternUtil.conpareResultTodb(PatternUtil.java:79)
	at com.youceedu.interf.test.TestRun.httpReq(TestRun.java:83)
... Removed 24 stack frames]]>
    </failure>
  </testcase> <!-- httpReq -->
  <testcase name="httpReq" time="0.121" classname="com.youceedu.interf.test.TestRun">
    <failure type="com.alibaba.fastjson.JSONException" message="syntax error, pos 1, line 1, column 2您的服务器返回码为404请检查您的地址">
      <![CDATA[com.alibaba.fastjson.JSONException: syntax error, pos 1, line 1, column 2您的服务器返回码为404请检查您的地址
	at com.alibaba.fastjson.parser.DefaultJSONParser.parse(DefaultJSONParser.java:1497)
	at com.alibaba.fastjson.parser.DefaultJSONParser.parse(DefaultJSONParser.java:1383)
	at com.alibaba.fastjson.JSON.parse(JSON.java:182)
	at com.alibaba.fastjson.JSON.parse(JSON.java:192)
	at com.alibaba.fastjson.JSON.parse(JSON.java:148)
	at com.alibaba.fastjson.JSONPath.read(JSONPath.java:688)
	at com.youceedu.interf.util.PatternUtil.conpareResultTodb(PatternUtil.java:79)
	at com.youceedu.interf.test.TestRun.httpReq(TestRun.java:83)
... Removed 24 stack frames]]>
    </failure>
  </testcase> <!-- httpReq -->
</testsuite> <!-- 接口自动化 -->
